{"level":"info","message":"Server running on port 5000 in development mode","service":"book-api","timestamp":"2025-11-14T16:37:00.774Z"}
{"level":"info","message":"Server running on port 5000 in development mode","service":"book-api","timestamp":"2025-11-14T16:37:00.803Z"}
{"level":"info","message":"Server running on port 5000 in development mode","service":"book-api","timestamp":"2025-11-14T16:37:06.673Z"}
{"ip":"::1","level":"info","message":"GET /api/books","service":"book-api","timestamp":"2025-11-14T16:37:16.828Z","userAgent":"curl/8.5.0"}
{"ip":"::1","level":"info","message":"POST /api/books","service":"book-api","timestamp":"2025-11-14T16:37:22.304Z","userAgent":"curl/8.5.0"}
{"_message":"Book validation failed","errors":{"publishedYear":{"kind":"required","message":"Path `publishedYear` is required.","name":"ValidatorError","path":"publishedYear","properties":{"message":"Path `publishedYear` is required.","path":"publishedYear","type":"required"}}},"level":"error","message":"Unhandled error: Book validation failed: publishedYear: Path `publishedYear` is required.","service":"book-api","stack":"ValidationError: Book validation failed: publishedYear: Path `publishedYear` is required.\n    at Document.invalidate (/home/saoke/Desktop/Assignment/wk 7/deployment-and-devops-essentials-wuodnyawasi/backend/node_modules/mongoose/lib/document.js:3362:32)\n    at /home/saoke/Desktop/Assignment/wk 7/deployment-and-devops-essentials-wuodnyawasi/backend/node_modules/mongoose/lib/document.js:3123:17\n    at /home/saoke/Desktop/Assignment/wk 7/deployment-and-devops-essentials-wuodnyawasi/backend/node_modules/mongoose/lib/schemaType.js:1420:9\n    at process.processTicksAndRejections (node:internal/process/task_queues:77:11)","timestamp":"2025-11-14T16:37:22.335Z"}
{"ip":"::1","level":"info","message":"POST /api/books","service":"book-api","timestamp":"2025-11-14T16:37:27.467Z","userAgent":"curl/8.5.0"}
{"ip":"::1","level":"info","message":"GET /api/books","service":"book-api","timestamp":"2025-11-14T16:37:32.227Z","userAgent":"curl/8.5.0"}
{"level":"info","message":"Server running on port 5000 in development mode","service":"book-api","timestamp":"2025-11-14T16:59:45.337Z"}
{"ip":"::1","level":"info","message":"GET /api/books","service":"book-api","timestamp":"2025-11-14T16:59:53.931Z","userAgent":"curl/8.5.0"}
{"ip":"::1","level":"info","message":"POST /api/books","service":"book-api","timestamp":"2025-11-14T17:00:01.256Z","userAgent":"curl/8.5.0"}
{"ip":"::1","level":"info","message":"GET /api/books","service":"book-api","timestamp":"2025-11-14T17:00:08.265Z","userAgent":"curl/8.5.0"}
{"level":"info","message":"Server running on port 5000 in development mode","service":"book-api","timestamp":"2025-11-14T17:01:27.188Z"}
{"ip":"::1","level":"info","message":"GET /api/books/69176011db54eabd44fab19e","service":"book-api","timestamp":"2025-11-14T17:01:38.080Z","userAgent":"curl/8.5.0"}
{"ip":"::1","level":"info","message":"PUT /api/books/69176011db54eabd44fab19e","service":"book-api","timestamp":"2025-11-14T17:01:45.544Z","userAgent":"curl/8.5.0"}
{"ip":"::1","level":"info","message":"DELETE /api/books/69176011db54eabd44fab19e","service":"book-api","timestamp":"2025-11-14T17:01:52.786Z","userAgent":"curl/8.5.0"}
{"ip":"::1","level":"info","message":"GET /api/books","service":"book-api","timestamp":"2025-11-14T17:02:00.230Z","userAgent":"curl/8.5.0"}
{"ip":"::1","level":"info","message":"GET /api/books/invalid-id","service":"book-api","timestamp":"2025-11-14T17:02:06.458Z","userAgent":"curl/8.5.0"}
{"kind":"ObjectId","level":"error","message":"Unhandled error: Cast to ObjectId failed for value \"invalid-id\" (type string) at path \"_id\" for model \"Book\"","path":"_id","reason":{},"service":"book-api","stack":"CastError: Cast to ObjectId failed for value \"invalid-id\" (type string) at path \"_id\" for model \"Book\"\n    at SchemaObjectId.cast (/home/saoke/Desktop/Assignment/wk 7/deployment-and-devops-essentials-wuodnyawasi/backend/node_modules/mongoose/lib/schema/objectId.js:251:11)\n    at SchemaType.applySetters (/home/saoke/Desktop/Assignment/wk 7/deployment-and-devops-essentials-wuodnyawasi/backend/node_modules/mongoose/lib/schemaType.js:1262:12)\n    at SchemaType.castForQuery (/home/saoke/Desktop/Assignment/wk 7/deployment-and-devops-essentials-wuodnyawasi/backend/node_modules/mongoose/lib/schemaType.js:1698:17)\n    at cast (/home/saoke/Desktop/Assignment/wk 7/deployment-and-devops-essentials-wuodnyawasi/backend/node_modules/mongoose/lib/cast.js:390:32)\n    at Query.cast (/home/saoke/Desktop/Assignment/wk 7/deployment-and-devops-essentials-wuodnyawasi/backend/node_modules/mongoose/lib/query.js:5060:12)\n    at Query._castConditions (/home/saoke/Desktop/Assignment/wk 7/deployment-and-devops-essentials-wuodnyawasi/backend/node_modules/mongoose/lib/query.js:2374:10)\n    at model.Query._findOne (/home/saoke/Desktop/Assignment/wk 7/deployment-and-devops-essentials-wuodnyawasi/backend/node_modules/mongoose/lib/query.js:2697:8)\n    at model.Query.exec (/home/saoke/Desktop/Assignment/wk 7/deployment-and-devops-essentials-wuodnyawasi/backend/node_modules/mongoose/lib/query.js:4627:80)\n    at process.processTicksAndRejections (node:internal/process/task_queues:95:5)\n    at async file:///home/saoke/Desktop/Assignment/wk%207/deployment-and-devops-essentials-wuodnyawasi/backend/routes/bookRoutes.js:59:18","stringValue":"\"invalid-id\"","timestamp":"2025-11-14T17:02:06.469Z","value":"invalid-id","valueType":"string"}
{"ip":"::1","level":"info","message":"GET /api/books/507f1f77bcf86cd799439011","service":"book-api","timestamp":"2025-11-14T17:02:13.969Z","userAgent":"curl/8.5.0"}
{"ip":"::1","level":"info","message":"GET /nonexistent-route","service":"book-api","timestamp":"2025-11-14T17:02:21.858Z","userAgent":"curl/8.5.0"}
{"level":"warn","message":"404 - Route not found: /nonexistent-route","service":"book-api","timestamp":"2025-11-14T17:02:21.859Z"}
{"level":"info","message":"Server running on port 5000 in development mode","service":"book-api","timestamp":"2025-11-14T17:06:48.024Z"}
{"level":"info","message":"Server running on port 5000 in development mode","service":"book-api","timestamp":"2025-11-14T17:06:56.715Z"}
